Using pre-set license
Built from '2020.2/staging' branch; Version is '2020.2.3f1 (8ff31bc5bf5b) revision 9433883'; Using compiler version '192528614'; Build Type 'Release'
OS: 'Windows 10 Pro; OS build 19042.985; Version 2009; 64bit' Language: 'fr' Physical Memory: 16327 MB
BatchMode: 1, IsHumanControllingUs: 0, StartBugReporterOnCrash: 0, Is64bit: 1, IsPro: 0

 COMMAND LINE ARGUMENTS:
C:\Program Files\Unity\Hub\Editor\2020.2.3f1\Editor\Unity.exe
-adb2
-batchMode
-noUpm
-name
AssetImportWorker0
-projectPath
C:/Users/Ben/Documents/GMTK 21/GMTK 21
-logFile
Logs/AssetImportWorker0.log
-srvPort
55867
Successfully changed project path to: C:/Users/Ben/Documents/GMTK 21/GMTK 21
C:/Users/Ben/Documents/GMTK 21/GMTK 21
Using Asset Import Pipeline V2.
Refreshing native plugins compatible for Editor in 56.82 ms, found 0 plugins.
Preloading 0 native plugins for Editor in 0.00 ms.
Initialize engine version: 2020.2.3f1 (8ff31bc5bf5b)
[Subsystems] Discovering subsystems at path C:/Program Files/Unity/Hub/Editor/2020.2.3f1/Editor/Data/Resources/UnitySubsystems
[Subsystems] Discovering subsystems at path C:/Users/Ben/Documents/GMTK 21/GMTK 21/Assets
GfxDevice: creating device client; threaded=0
Direct3D:
    Version:  Direct3D 11.0 [level 11.1]
    Renderer: NVIDIA GeForce RTX 2060 SUPER (ID=0x1f06)
    Vendor:   
    VRAM:     8031 MB
    Driver:   27.21.14.6611
Initialize mono
Mono path[0] = 'C:/Program Files/Unity/Hub/Editor/2020.2.3f1/Editor/Data/Managed'
Mono path[1] = 'C:/Program Files/Unity/Hub/Editor/2020.2.3f1/Editor/Data/MonoBleedingEdge/lib/mono/unityjit'
Mono config path = 'C:/Program Files/Unity/Hub/Editor/2020.2.3f1/Editor/Data/MonoBleedingEdge/etc'
Using monoOptions --debugger-agent=transport=dt_socket,embedding=1,server=y,suspend=n,address=127.0.0.1:56548
Begin MonoManager ReloadAssembly
Registering precompiled unity dll's ...
Register platform support module: C:/Program Files/Unity/Hub/Editor/2020.2.3f1/Editor/Data/PlaybackEngines/WindowsStandaloneSupport/UnityEditor.WindowsStandalone.Extensions.dll
Registered in 0.003667 seconds.
Native extension for WindowsStandalone target not found
Refreshing native plugins compatible for Editor in 58.20 ms, found 0 plugins.
Preloading 0 native plugins for Editor in 0.00 ms.
Invoked RoslynAnalysisRunner static constructor.
RoslynAnalysisRunner will not be running.
RoslynAnalysisRunner has terminated.
Mono: successfully reloaded assembly
- Completed reload, in  1.521 seconds
Platform modules already initialized, skipping
Registering precompiled user dll's ...
Registered in 0.002322 seconds.
Begin MonoManager ReloadAssembly
Native extension for WindowsStandalone target not found
Refreshing native plugins compatible for Editor in 64.36 ms, found 0 plugins.
Preloading 0 native plugins for Editor in 0.00 ms.
Invoked RoslynAnalysisRunner static constructor.
RoslynAnalysisRunner will not be running.
RoslynAnalysisRunner has terminated.
Mono: successfully reloaded assembly
- Completed reload, in  1.277 seconds
Platform modules already initialized, skipping
========================================================================
Worker process is ready to serve import requests
Shader 'Universal Render Pipeline/Particles/Lit': fallback shader 'Universal Render Pipeline/Particles/SimpleLit' not found
Shader 'Universal Render Pipeline/Particles/Lit': fallback shader 'Universal Render Pipeline/Particles/SimpleLit' not found
Launched and connected shader compiler UnityShaderCompiler.exe after 0.07 seconds
Refreshing native plugins compatible for Editor in 0.49 ms, found 0 plugins.
Preloading 0 native plugins for Editor in 0.00 ms.
Unloading 2407 Unused Serialized files (Serialized files now loaded: 0)
System memory in use before: 111.4 MB.
System memory in use after: 109.2 MB.

Unloading 45 unused Assets to reduce memory usage. Loaded Objects now: 2814.
Total: 4.166900 ms (FindLiveObjects: 0.311700 ms CreateObjectMapping: 0.073100 ms MarkObjects: 2.137000 ms  DeleteObjects: 1.643200 ms)

========================================================================
Received Import Request.
  path: Assets/Scenes
  artifactKey: Guid(d7e15df4248cf5341b5cc46a011f64e2) Importer(815301076,1909f56bfc062723c751e8b465ee728b)
Start importing Assets/Scenes using Guid(d7e15df4248cf5341b5cc46a011f64e2) Importer(815301076,1909f56bfc062723c751e8b465ee728b)  -> (artifact id: '4cdd81da53e466e02bd54e90cfa549a7') in 0.007722 seconds
  Import took 0.012149 seconds .

========================================================================
Received Import Request.
  Time since last request: 11.395084 seconds.
  path: Assets/Scenes/Test.unity
  artifactKey: Guid(6208cbd3a291a3a4aa67bbbaee0e55a5) Importer(815301076,1909f56bfc062723c751e8b465ee728b)
Start importing Assets/Scenes/Test.unity using Guid(6208cbd3a291a3a4aa67bbbaee0e55a5) Importer(815301076,1909f56bfc062723c751e8b465ee728b)  -> (artifact id: '45f9b2689633c79f2912fbc7fe77e91b') in 0.013548 seconds
  Import took 0.018391 seconds .

========================================================================
Received Import Request.
  Time since last request: 48.908878 seconds.
  path: Assets/Scenes/Test
  artifactKey: Guid(c49f7630fdc71c94a848039d3a0c2a00) Importer(815301076,1909f56bfc062723c751e8b465ee728b)
Start importing Assets/Scenes/Test using Guid(c49f7630fdc71c94a848039d3a0c2a00) Importer(815301076,1909f56bfc062723c751e8b465ee728b)  -> (artifact id: '6534dcf356c4856b7abed09b3470a9ac') in 0.003576 seconds
  Import took 0.007892 seconds .

========================================================================
Received Import Request.
  Time since last request: 0.065076 seconds.
  path: Assets/Scenes/Test/NavMesh.asset
  artifactKey: Guid(91824053e865e1b488bc443a2c79c70d) Importer(815301076,1909f56bfc062723c751e8b465ee728b)
Start importing Assets/Scenes/Test/NavMesh.asset using Guid(91824053e865e1b488bc443a2c79c70d) Importer(815301076,1909f56bfc062723c751e8b465ee728b)  -> (artifact id: '5a2d51509b1804d080874cb67cb61c03') in 0.034397 seconds
  Import took 0.039239 seconds .

========================================================================
Received Import Request.
  Time since last request: 8.816798 seconds.
  path: Assets/Scenes/Test/NavMesh-Plane.asset
  artifactKey: Guid(a2c977c4efb89c444af7ebeaa97fc093) Importer(815301076,1909f56bfc062723c751e8b465ee728b)
Start importing Assets/Scenes/Test/NavMesh-Plane.asset using Guid(a2c977c4efb89c444af7ebeaa97fc093) Importer(815301076,1909f56bfc062723c751e8b465ee728b)  -> (artifact id: '031ae210e7fece934bd28cba2c82b052') in 0.004859 seconds
  Import took 0.009791 seconds .

========================================================================
Received Import Request.
  Time since last request: 28.360272 seconds.
  path: Assets/Scenes/Test/NavMesh-Plane.asset
  artifactKey: Guid(a2c977c4efb89c444af7ebeaa97fc093) Importer(815301076,1909f56bfc062723c751e8b465ee728b)
Start importing Assets/Scenes/Test/NavMesh-Plane.asset using Guid(a2c977c4efb89c444af7ebeaa97fc093) Importer(815301076,1909f56bfc062723c751e8b465ee728b)  -> (artifact id: 'a4e8a3fc0f5ec9f5201f626c220bcf56') in 0.005742 seconds
  Import took 0.011850 seconds .

========================================================================
Received Import Request.
  Time since last request: 10.694357 seconds.
  path: Assets/Scenes/Test/NavMesh-Plane.asset
  artifactKey: Guid(a2c977c4efb89c444af7ebeaa97fc093) Importer(815301076,1909f56bfc062723c751e8b465ee728b)
Start importing Assets/Scenes/Test/NavMesh-Plane.asset using Guid(a2c977c4efb89c444af7ebeaa97fc093) Importer(815301076,1909f56bfc062723c751e8b465ee728b)  -> (artifact id: '34e2b94d3ad55e65486414b5243270e0') in 0.004067 seconds
  Import took 0.008535 seconds .

========================================================================
Received Import Request.
  Time since last request: 99.038360 seconds.
  path: Assets/Scenes/Test/NavMesh-Plane (1).asset
  artifactKey: Guid(dee4b63fa3daf794bbfb3497a622456e) Importer(815301076,1909f56bfc062723c751e8b465ee728b)
Start importing Assets/Scenes/Test/NavMesh-Plane (1).asset using Guid(dee4b63fa3daf794bbfb3497a622456e) Importer(815301076,1909f56bfc062723c751e8b465ee728b)  -> (artifact id: 'd18294858ae2c9d12f67a35c334c8f05') in 0.004866 seconds
  Import took 0.009769 seconds .

========================================================================
Received Import Request.
  Time since last request: 57.599356 seconds.
  path: Assets/Scenes/Test/NavMesh-Plane.asset
  artifactKey: Guid(a2c977c4efb89c444af7ebeaa97fc093) Importer(815301076,1909f56bfc062723c751e8b465ee728b)
Start importing Assets/Scenes/Test/NavMesh-Plane.asset using Guid(a2c977c4efb89c444af7ebeaa97fc093) Importer(815301076,1909f56bfc062723c751e8b465ee728b)  -> (artifact id: '1c7c8368241121a864e19e70b3c54267') in 0.004323 seconds
  Import took 0.009012 seconds .

========================================================================
Received Import Request.
  Time since last request: 209.322887 seconds.
  path: Assets/Scenes/Test/NavMesh.asset
  artifactKey: Guid(91824053e865e1b488bc443a2c79c70d) Importer(815301076,1909f56bfc062723c751e8b465ee728b)
Start importing Assets/Scenes/Test/NavMesh.asset using Guid(91824053e865e1b488bc443a2c79c70d) Importer(815301076,1909f56bfc062723c751e8b465ee728b)  -> (artifact id: '53ced6bfeff533fa3b05098c65e7aa26') in 0.003745 seconds
  Import took 0.008267 seconds .

========================================================================
Received Import Request.
  Time since last request: 19.510150 seconds.
  path: Assets/Scenes/Test/NavMesh-Plane.asset
  artifactKey: Guid(a2c977c4efb89c444af7ebeaa97fc093) Importer(815301076,1909f56bfc062723c751e8b465ee728b)
Start importing Assets/Scenes/Test/NavMesh-Plane.asset using Guid(a2c977c4efb89c444af7ebeaa97fc093) Importer(815301076,1909f56bfc062723c751e8b465ee728b)  -> (artifact id: 'ff09d875f934b2de2620af2e2b50708a') in 0.004185 seconds
  Import took 0.008915 seconds .

========================================================================
Received Import Request.
  Time since last request: 28.940484 seconds.
  path: Assets/Scenes/Test/NavMesh-Plane (1).asset
  artifactKey: Guid(dee4b63fa3daf794bbfb3497a622456e) Importer(815301076,1909f56bfc062723c751e8b465ee728b)
Start importing Assets/Scenes/Test/NavMesh-Plane (1).asset using Guid(dee4b63fa3daf794bbfb3497a622456e) Importer(815301076,1909f56bfc062723c751e8b465ee728b)  -> (artifact id: '9b1384599d964c180b2678d971779575') in 0.003883 seconds
  Import took 0.008400 seconds .

========================================================================
Received Import Request.
  Time since last request: 12.079282 seconds.
  path: Assets/Scenes/Test/NavMesh-Plane (1).asset
  artifactKey: Guid(dee4b63fa3daf794bbfb3497a622456e) Importer(815301076,1909f56bfc062723c751e8b465ee728b)
Start importing Assets/Scenes/Test/NavMesh-Plane (1).asset using Guid(dee4b63fa3daf794bbfb3497a622456e) Importer(815301076,1909f56bfc062723c751e8b465ee728b)  -> (artifact id: '7867f3da63b618911dfb5becd6f9fa87') in 0.003700 seconds
  Import took 0.008159 seconds .

========================================================================
Received Import Request.
  Time since last request: 16.433181 seconds.
  path: Assets/Scenes/Test/NavMesh-Plane.asset
  artifactKey: Guid(a2c977c4efb89c444af7ebeaa97fc093) Importer(815301076,1909f56bfc062723c751e8b465ee728b)
Start importing Assets/Scenes/Test/NavMesh-Plane.asset using Guid(a2c977c4efb89c444af7ebeaa97fc093) Importer(815301076,1909f56bfc062723c751e8b465ee728b)  -> (artifact id: 'c81570b3232c5a40a9e35ac524539297') in 0.003914 seconds
  Import took 0.008829 seconds .

========================================================================
Received Import Request.
  Time since last request: 10.773078 seconds.
  path: Assets/Scenes/Test/NavMesh-Plane.asset
  artifactKey: Guid(a2c977c4efb89c444af7ebeaa97fc093) Importer(815301076,1909f56bfc062723c751e8b465ee728b)
Start importing Assets/Scenes/Test/NavMesh-Plane.asset using Guid(a2c977c4efb89c444af7ebeaa97fc093) Importer(815301076,1909f56bfc062723c751e8b465ee728b)  -> (artifact id: '98ca2b89723b8d823c272e1166816edb') in 0.003610 seconds
  Import took 0.008008 seconds .

========================================================================
Received Import Request.
  Time since last request: 2.942735 seconds.
  path: Assets/Scenes/Test/NavMesh-Plane.asset
  artifactKey: Guid(a2c977c4efb89c444af7ebeaa97fc093) Importer(815301076,1909f56bfc062723c751e8b465ee728b)
Start importing Assets/Scenes/Test/NavMesh-Plane.asset using Guid(a2c977c4efb89c444af7ebeaa97fc093) Importer(815301076,1909f56bfc062723c751e8b465ee728b)  -> (artifact id: 'a90987c0c8fe01911179ca7349f75229') in 0.003877 seconds
  Import took 0.008833 seconds .

========================================================================
Received Import Request.
  Time since last request: 36.116789 seconds.
  path: Assets/Scenes/Test/NavMesh-Plane.asset
  artifactKey: Guid(a2c977c4efb89c444af7ebeaa97fc093) Importer(815301076,1909f56bfc062723c751e8b465ee728b)
Start importing Assets/Scenes/Test/NavMesh-Plane.asset using Guid(a2c977c4efb89c444af7ebeaa97fc093) Importer(815301076,1909f56bfc062723c751e8b465ee728b)  -> (artifact id: '398cbc410202d72c5369eb478bccceb3') in 0.003641 seconds
  Import took 0.008108 seconds .

========================================================================
Received Import Request.
  Time since last request: 32.941047 seconds.
  path: Assets/Scenes/Test/NavMesh-Plane (1).asset
  artifactKey: Guid(dee4b63fa3daf794bbfb3497a622456e) Importer(815301076,1909f56bfc062723c751e8b465ee728b)
Start importing Assets/Scenes/Test/NavMesh-Plane (1).asset using Guid(dee4b63fa3daf794bbfb3497a622456e) Importer(815301076,1909f56bfc062723c751e8b465ee728b)  -> (artifact id: '58f7f38266caf4cce755deed74e476d9') in 0.003730 seconds
  Import took 0.008380 seconds .

========================================================================
Received Prepare
Registering precompiled user dll's ...
Registered in 0.002268 seconds.
Begin MonoManager ReloadAssembly
Native extension for WindowsStandalone target not found
Refreshing native plugins compatible for Editor in 0.51 ms, found 0 plugins.
Preloading 0 native plugins for Editor in 0.00 ms.
Invoked RoslynAnalysisRunner static constructor.
RoslynAnalysisRunner will not be running.
RoslynAnalysisRunner has terminated.
Mono: successfully reloaded assembly
- Completed reload, in  1.115 seconds
Platform modules already initialized, skipping
Shader 'Universal Render Pipeline/Particles/Lit': fallback shader 'Universal Render Pipeline/Particles/SimpleLit' not found
Shader 'Universal Render Pipeline/Particles/Lit': fallback shader 'Universal Render Pipeline/Particles/SimpleLit' not found
Refreshing native plugins compatible for Editor in 0.53 ms, found 0 plugins.
Preloading 0 native plugins for Editor in 0.00 ms.
Unloading 2333 Unused Serialized files (Serialized files now loaded: 0)
System memory in use before: 108.4 MB.
System memory in use after: 106.2 MB.

Unloading 40 unused Assets to reduce memory usage. Loaded Objects now: 2817.
Total: 4.546700 ms (FindLiveObjects: 0.333300 ms CreateObjectMapping: 0.094700 ms MarkObjects: 2.511400 ms  DeleteObjects: 1.605500 ms)

========================================================================
Received Import Request.
  Time since last request: 133.507886 seconds.
  path: Assets/Scripts/SimpleCameraController.cs
  artifactKey: Guid(be76e5f14cfee674cb30b491fb72b09b) Importer(815301076,1909f56bfc062723c751e8b465ee728b)
Start importing Assets/Scripts/SimpleCameraController.cs using Guid(be76e5f14cfee674cb30b491fb72b09b) Importer(815301076,1909f56bfc062723c751e8b465ee728b)  -> (artifact id: '6b99b4f6f911a49570408815c46d7299') in 0.011464 seconds
  Import took 0.015911 seconds .

========================================================================
Received Prepare
Registering precompiled user dll's ...
Registered in 0.002392 seconds.
Begin MonoManager ReloadAssembly
Native extension for WindowsStandalone target not found
Refreshing native plugins compatible for Editor in 0.51 ms, found 0 plugins.
Preloading 0 native plugins for Editor in 0.00 ms.
Invoked RoslynAnalysisRunner static constructor.
RoslynAnalysisRunner will not be running.
RoslynAnalysisRunner has terminated.
Mono: successfully reloaded assembly
- Completed reload, in  1.119 seconds
Platform modules already initialized, skipping
Shader 'Universal Render Pipeline/Particles/Lit': fallback shader 'Universal Render Pipeline/Particles/SimpleLit' not found
Shader 'Universal Render Pipeline/Particles/Lit': fallback shader 'Universal Render Pipeline/Particles/SimpleLit' not found
Refreshing native plugins compatible for Editor in 0.49 ms, found 0 plugins.
Preloading 0 native plugins for Editor in 0.00 ms.
Unloading 2333 Unused Serialized files (Serialized files now loaded: 0)
System memory in use before: 108.4 MB.
System memory in use after: 106.2 MB.

Unloading 40 unused Assets to reduce memory usage. Loaded Objects now: 2819.
Total: 4.192100 ms (FindLiveObjects: 0.328100 ms CreateObjectMapping: 0.073000 ms MarkObjects: 2.107900 ms  DeleteObjects: 1.681800 ms)

========================================================================
Received Import Request.
  Time since last request: 9.489730 seconds.
  path: Assets/Scripts
  artifactKey: Guid(02a3527b6b33a924e8ec66aa805ea717) Importer(815301076,1909f56bfc062723c751e8b465ee728b)
Start importing Assets/Scripts using Guid(02a3527b6b33a924e8ec66aa805ea717) Importer(815301076,1909f56bfc062723c751e8b465ee728b)  -> (artifact id: '7b8f8a82dcb6ea9403eda1093122000a') in 0.007676 seconds
  Import took 0.011957 seconds .

========================================================================
Received Prepare
Registering precompiled user dll's ...
Registered in 0.002183 seconds.
Begin MonoManager ReloadAssembly
Native extension for WindowsStandalone target not found
Refreshing native plugins compatible for Editor in 0.51 ms, found 0 plugins.
Preloading 0 native plugins for Editor in 0.00 ms.
Invoked RoslynAnalysisRunner static constructor.
RoslynAnalysisRunner will not be running.
RoslynAnalysisRunner has terminated.
Mono: successfully reloaded assembly
- Completed reload, in  1.108 seconds
Platform modules already initialized, skipping
Shader 'Universal Render Pipeline/Particles/Lit': fallback shader 'Universal Render Pipeline/Particles/SimpleLit' not found
Shader 'Universal Render Pipeline/Particles/Lit': fallback shader 'Universal Render Pipeline/Particles/SimpleLit' not found
Refreshing native plugins compatible for Editor in 0.50 ms, found 0 plugins.
Preloading 0 native plugins for Editor in 0.00 ms.
Unloading 2332 Unused Serialized files (Serialized files now loaded: 0)
System memory in use before: 108.4 MB.
System memory in use after: 106.2 MB.

Unloading 41 unused Assets to reduce memory usage. Loaded Objects now: 2820.
Total: 4.275000 ms (FindLiveObjects: 0.334300 ms CreateObjectMapping: 0.083800 ms MarkObjects: 2.110800 ms  DeleteObjects: 1.744400 ms)

========================================================================
Received Import Request.
  Time since last request: 19.857321 seconds.
  path: Assets/Scripts/AI_Manager.cs
  artifactKey: Guid(f950cb5550b58eb478108778351c9961) Importer(815301076,1909f56bfc062723c751e8b465ee728b)
Start importing Assets/Scripts/AI_Manager.cs using Guid(f950cb5550b58eb478108778351c9961) Importer(815301076,1909f56bfc062723c751e8b465ee728b)  -> (artifact id: 'a9b3964ad32b455304d6de592d896009') in 0.008126 seconds
  Import took 0.013207 seconds .

========================================================================
Received Prepare
Registering precompiled user dll's ...
Registered in 0.002404 seconds.
Begin MonoManager ReloadAssembly
Native extension for WindowsStandalone target not found
Refreshing native plugins compatible for Editor in 0.51 ms, found 0 plugins.
Preloading 0 native plugins for Editor in 0.00 ms.
Invoked RoslynAnalysisRunner static constructor.
RoslynAnalysisRunner will not be running.
RoslynAnalysisRunner has terminated.
Mono: successfully reloaded assembly
- Completed reload, in  1.123 seconds
Platform modules already initialized, skipping
Shader 'Universal Render Pipeline/Particles/Lit': fallback shader 'Universal Render Pipeline/Particles/SimpleLit' not found
Shader 'Universal Render Pipeline/Particles/Lit': fallback shader 'Universal Render Pipeline/Particles/SimpleLit' not found
Refreshing native plugins compatible for Editor in 0.84 ms, found 0 plugins.
Preloading 0 native plugins for Editor in 0.00 ms.
Unloading 2332 Unused Serialized files (Serialized files now loaded: 0)
System memory in use before: 108.4 MB.
System memory in use after: 106.2 MB.

Unloading 40 unused Assets to reduce memory usage. Loaded Objects now: 2822.
Total: 4.212400 ms (FindLiveObjects: 0.344100 ms CreateObjectMapping: 0.090900 ms MarkObjects: 2.029900 ms  DeleteObjects: 1.746400 ms)

========================================================================
Received Import Request.
  Time since last request: 78.998218 seconds.
  path: Assets/Scripts/AI_Manager.cs
  artifactKey: Guid(f950cb5550b58eb478108778351c9961) Importer(815301076,1909f56bfc062723c751e8b465ee728b)
Start importing Assets/Scripts/AI_Manager.cs using Guid(f950cb5550b58eb478108778351c9961) Importer(815301076,1909f56bfc062723c751e8b465ee728b)  -> (artifact id: 'bb9e13d8716c67f44c8fbf8a7fdae36c') in 0.007242 seconds
  Import took 0.011608 seconds .

========================================================================
Received Prepare
Registering precompiled user dll's ...
Registered in 0.002319 seconds.
Begin MonoManager ReloadAssembly
Native extension for WindowsStandalone target not found
Refreshing native plugins compatible for Editor in 0.53 ms, found 0 plugins.
Preloading 0 native plugins for Editor in 0.00 ms.
Invoked RoslynAnalysisRunner static constructor.
RoslynAnalysisRunner will not be running.
RoslynAnalysisRunner has terminated.
Mono: successfully reloaded assembly
- Completed reload, in  1.114 seconds
Platform modules already initialized, skipping
Shader 'Universal Render Pipeline/Particles/Lit': fallback shader 'Universal Render Pipeline/Particles/SimpleLit' not found
Shader 'Universal Render Pipeline/Particles/Lit': fallback shader 'Universal Render Pipeline/Particles/SimpleLit' not found
Refreshing native plugins compatible for Editor in 0.54 ms, found 0 plugins.
Preloading 0 native plugins for Editor in 0.00 ms.
Unloading 2332 Unused Serialized files (Serialized files now loaded: 0)
System memory in use before: 108.4 MB.
System memory in use after: 106.1 MB.

Unloading 40 unused Assets to reduce memory usage. Loaded Objects now: 2824.
Total: 4.848500 ms (FindLiveObjects: 0.366900 ms CreateObjectMapping: 0.099500 ms MarkObjects: 2.393700 ms  DeleteObjects: 1.986500 ms)

========================================================================
Received Prepare
Registering precompiled user dll's ...
Registered in 0.002316 seconds.
Begin MonoManager ReloadAssembly
Native extension for WindowsStandalone target not found
Refreshing native plugins compatible for Editor in 0.50 ms, found 0 plugins.
Preloading 0 native plugins for Editor in 0.00 ms.
Invoked RoslynAnalysisRunner static constructor.
RoslynAnalysisRunner will not be running.
RoslynAnalysisRunner has terminated.
Mono: successfully reloaded assembly
- Completed reload, in  1.127 seconds
Platform modules already initialized, skipping
Shader 'Universal Render Pipeline/Particles/Lit': fallback shader 'Universal Render Pipeline/Particles/SimpleLit' not found
Shader 'Universal Render Pipeline/Particles/Lit': fallback shader 'Universal Render Pipeline/Particles/SimpleLit' not found
Refreshing native plugins compatible for Editor in 0.51 ms, found 0 plugins.
Preloading 0 native plugins for Editor in 0.00 ms.
Unloading 2332 Unused Serialized files (Serialized files now loaded: 0)
System memory in use before: 108.4 MB.
System memory in use after: 106.2 MB.

Unloading 40 unused Assets to reduce memory usage. Loaded Objects now: 2826.
Total: 4.439800 ms (FindLiveObjects: 0.335000 ms CreateObjectMapping: 0.074000 ms MarkObjects: 2.251400 ms  DeleteObjects: 1.777300 ms)

========================================================================
Received Prepare
Registering precompiled user dll's ...
Registered in 0.002291 seconds.
Begin MonoManager ReloadAssembly
Native extension for WindowsStandalone target not found
Refreshing native plugins compatible for Editor in 0.52 ms, found 0 plugins.
Preloading 0 native plugins for Editor in 0.00 ms.
Invoked RoslynAnalysisRunner static constructor.
RoslynAnalysisRunner will not be running.
RoslynAnalysisRunner has terminated.
Mono: successfully reloaded assembly
- Completed reload, in  1.109 seconds
Platform modules already initialized, skipping
Shader 'Universal Render Pipeline/Particles/Lit': fallback shader 'Universal Render Pipeline/Particles/SimpleLit' not found
Shader 'Universal Render Pipeline/Particles/Lit': fallback shader 'Universal Render Pipeline/Particles/SimpleLit' not found
Refreshing native plugins compatible for Editor in 0.50 ms, found 0 plugins.
Preloading 0 native plugins for Editor in 0.00 ms.
Unloading 2332 Unused Serialized files (Serialized files now loaded: 0)
System memory in use before: 108.4 MB.
System memory in use after: 106.2 MB.

Unloading 40 unused Assets to reduce memory usage. Loaded Objects now: 2828.
Total: 4.627900 ms (FindLiveObjects: 0.471700 ms CreateObjectMapping: 0.120400 ms MarkObjects: 2.257400 ms  DeleteObjects: 1.777200 ms)

========================================================================
Received Prepare
Registering precompiled user dll's ...
Registered in 0.002244 seconds.
Begin MonoManager ReloadAssembly
Native extension for WindowsStandalone target not found
Refreshing native plugins compatible for Editor in 0.51 ms, found 0 plugins.
Preloading 0 native plugins for Editor in 0.00 ms.
Invoked RoslynAnalysisRunner static constructor.
RoslynAnalysisRunner will not be running.
RoslynAnalysisRunner has terminated.
Mono: successfully reloaded assembly
- Completed reload, in  1.100 seconds
Platform modules already initialized, skipping
Shader 'Universal Render Pipeline/Particles/Lit': fallback shader 'Universal Render Pipeline/Particles/SimpleLit' not found
Shader 'Universal Render Pipeline/Particles/Lit': fallback shader 'Universal Render Pipeline/Particles/SimpleLit' not found
Refreshing native plugins compatible for Editor in 0.51 ms, found 0 plugins.
Preloading 0 native plugins for Editor in 0.00 ms.
Unloading 2332 Unused Serialized files (Serialized files now loaded: 0)
System memory in use before: 108.5 MB.
System memory in use after: 106.3 MB.

Unloading 40 unused Assets to reduce memory usage. Loaded Objects now: 2830.
Total: 5.002500 ms (FindLiveObjects: 0.369600 ms CreateObjectMapping: 0.084400 ms MarkObjects: 2.713900 ms  DeleteObjects: 1.832800 ms)

========================================================================
Received Import Request.
  Time since last request: 867.280692 seconds.
  path: Assets/Scenes/Test/NavMesh.asset
  artifactKey: Guid(91824053e865e1b488bc443a2c79c70d) Importer(815301076,1909f56bfc062723c751e8b465ee728b)
Start importing Assets/Scenes/Test/NavMesh.asset using Guid(91824053e865e1b488bc443a2c79c70d) Importer(815301076,1909f56bfc062723c751e8b465ee728b)  -> (artifact id: 'fba698894e2147e453a3b8a1639a9479') in 0.015723 seconds
  Import took 0.020446 seconds .

========================================================================
Received Import Request.
  Time since last request: 18.412534 seconds.
  path: Assets/Scenes/Test/NavMesh-Plane.asset
  artifactKey: Guid(a2c977c4efb89c444af7ebeaa97fc093) Importer(815301076,1909f56bfc062723c751e8b465ee728b)
Start importing Assets/Scenes/Test/NavMesh-Plane.asset using Guid(a2c977c4efb89c444af7ebeaa97fc093) Importer(815301076,1909f56bfc062723c751e8b465ee728b)  -> (artifact id: '8ec0b612530a09184e0b2dce1f179a4f') in 0.004123 seconds
  Import took 0.008799 seconds .

========================================================================
Received Prepare
Registering precompiled user dll's ...
Registered in 0.002620 seconds.
Begin MonoManager ReloadAssembly
Native extension for WindowsStandalone target not found
Refreshing native plugins compatible for Editor in 0.51 ms, found 0 plugins.
Preloading 0 native plugins for Editor in 0.00 ms.
Invoked RoslynAnalysisRunner static constructor.
RoslynAnalysisRunner will not be running.
RoslynAnalysisRunner has terminated.
Mono: successfully reloaded assembly
- Completed reload, in  1.139 seconds
Platform modules already initialized, skipping
Shader 'Universal Render Pipeline/Particles/Lit': fallback shader 'Universal Render Pipeline/Particles/SimpleLit' not found
Shader 'Universal Render Pipeline/Particles/Lit': fallback shader 'Universal Render Pipeline/Particles/SimpleLit' not found
Refreshing native plugins compatible for Editor in 0.51 ms, found 0 plugins.
Preloading 0 native plugins for Editor in 0.00 ms.
Unloading 2333 Unused Serialized files (Serialized files now loaded: 0)
System memory in use before: 108.5 MB.
System memory in use after: 106.3 MB.

Unloading 40 unused Assets to reduce memory usage. Loaded Objects now: 2833.
Total: 4.698600 ms (FindLiveObjects: 0.324600 ms CreateObjectMapping: 0.077100 ms MarkObjects: 2.415100 ms  DeleteObjects: 1.879700 ms)

========================================================================
Received Import Request.
  Time since last request: 238.987329 seconds.
  path: Assets/NavMeshComponents
  artifactKey: Guid(85d8e10fb76a5a3429289b806b412fe3) Importer(815301076,1909f56bfc062723c751e8b465ee728b)
Start importing Assets/NavMeshComponents using Guid(85d8e10fb76a5a3429289b806b412fe3) Importer(815301076,1909f56bfc062723c751e8b465ee728b)  -> (artifact id: '4d7044b0c6c339d00e4a07f19810c4fb') in 0.008264 seconds
  Import took 0.013083 seconds .

========================================================================
Received Import Request.
  Time since last request: 0.966654 seconds.
  path: Assets/NavMeshComponents/Scripts
  artifactKey: Guid(ce67aa87f613246dda63a54a59c6399e) Importer(815301076,1909f56bfc062723c751e8b465ee728b)
Start importing Assets/NavMeshComponents/Scripts using Guid(ce67aa87f613246dda63a54a59c6399e) Importer(815301076,1909f56bfc062723c751e8b465ee728b)  -> (artifact id: '6e6ef78128953ef24b42d31f2d3f52e2') in 0.003141 seconds
  Import took 0.007487 seconds .

